TN:
SF:src/GasBenchmark.sol
DA:7,0
FN:7,GasBenchmark.hashPairSolidity
FNDA:0,GasBenchmark.hashPairSolidity
DA:8,0
DA:11,0
FN:11,GasBenchmark.hashPairAssembly
FNDA:0,GasBenchmark.hashPairAssembly
DA:13,0
DA:14,0
DA:15,0
DA:21,0
FN:21,GasBenchmark.sumArraySolidity
FNDA:0,GasBenchmark.sumArraySolidity
DA:22,0
DA:23,0
DA:24,0
DA:28,0
FN:28,GasBenchmark.sumArrayAssembly
FNDA:0,GasBenchmark.sumArrayAssembly
DA:30,0
DA:31,0
DA:32,0
DA:33,0
DA:40,0
FN:40,GasBenchmark.memcpySolidity
FNDA:0,GasBenchmark.memcpySolidity
DA:41,0
DA:42,0
DA:43,0
DA:44,0
DA:48,0
FN:48,GasBenchmark.memcpyAssembly
FNDA:0,GasBenchmark.memcpyAssembly
DA:49,0
DA:50,0
DA:52,0
DA:53,0
DA:54,0
DA:55,0
DA:56,0
DA:63,0
FN:63,GasBenchmark.minSolidity
FNDA:0,GasBenchmark.minSolidity
DA:64,0
DA:67,0
FN:67,GasBenchmark.minAssembly
FNDA:0,GasBenchmark.minAssembly
DA:69,0
DA:73,0
FN:73,GasBenchmark.maxSolidity
FNDA:0,GasBenchmark.maxSolidity
DA:74,0
DA:77,0
FN:77,GasBenchmark.maxAssembly
FNDA:0,GasBenchmark.maxAssembly
DA:79,0
DA:85,0
FN:85,GasBenchmark.extractAddressSolidity
FNDA:0,GasBenchmark.extractAddressSolidity
DA:86,0
DA:89,0
FN:89,GasBenchmark.extractAddressAssembly
FNDA:0,GasBenchmark.extractAddressAssembly
DA:91,0
FNF:12
FNH:0
LF:40
LH:0
BRF:0
BRH:0
end_of_record
TN:
SF:src/GoldAMM.sol
DA:47,44
FN:47,GoldAMM.constructor
FNDA:44,GoldAMM.constructor
DA:51,43
BRDA:51,0,0,2
DA:52,41
BRDA:52,1,0,1
DA:53,40
DA:54,40
DA:57,790
FN:57,GoldAMM.addLiquidity
FNDA:790,GoldAMM.addLiquidity
DA:69,789
BRDA:69,2,0,2
DA:70,787
BRDA:70,3,0,1
DA:72,786
DA:73,786
DA:74,786
DA:76,786
BRDA:76,4,0,785
BRDA:76,4,1,-
DA:77,785
DA:78,785
DA:79,785
DA:80,785
DA:82,1
DA:83,1
BRDA:83,5,0,1
BRDA:83,5,1,-
DA:84,1
BRDA:84,6,0,-
DA:85,1
DA:86,1
DA:88,0
DA:89,0
BRDA:89,7,0,-
DA:90,0
DA:91,0
DA:93,1
DA:96,786
BRDA:96,8,0,-
DA:97,786
BRDA:97,9,0,1
DA:98,785
BRDA:98,10,0,-
DA:100,785
DA:101,785
DA:103,785
DA:104,785
DA:105,785
DA:107,785
DA:110,259
FN:110,GoldAMM.removeLiquidity
FNDA:259,GoldAMM.removeLiquidity
DA:116,259
BRDA:116,11,0,1
DA:117,258
BRDA:117,12,0,1
DA:119,257
DA:120,257
DA:121,257
DA:123,257
DA:124,257
DA:126,257
BRDA:126,13,0,-
DA:127,257
BRDA:127,14,0,-
DA:128,257
BRDA:128,15,0,-
DA:130,257
DA:131,257
DA:133,257
DA:134,257
DA:135,257
DA:137,257
DA:140,5257
FN:140,GoldAMM.swapExactToken0ForToken1
FNDA:5257,GoldAMM.swapExactToken0ForToken1
DA:146,5256
BRDA:146,16,0,1
DA:147,5255
BRDA:147,17,0,1
DA:149,5254
DA:150,5254
DA:151,5254
BRDA:151,18,0,1
DA:153,5253
DA:154,5253
BRDA:154,19,0,1
DA:155,5252
BRDA:155,20,0,-
DA:157,5252
DA:158,5252
DA:160,5252
DA:161,5252
DA:163,5252
DA:166,4942
FN:166,GoldAMM.swapExactToken1ForToken0
FNDA:4942,GoldAMM.swapExactToken1ForToken0
DA:172,4942
BRDA:172,21,0,-
DA:173,4942
BRDA:173,22,0,-
DA:175,4942
DA:176,4942
DA:177,4942
BRDA:177,23,0,-
DA:179,4942
DA:180,4942
BRDA:180,24,0,-
DA:181,4942
BRDA:181,25,0,-
DA:183,4942
DA:184,4942
DA:186,4942
DA:187,4942
DA:189,4942
DA:192,515
FN:192,GoldAMM.getAmountOut
FNDA:515,GoldAMM.getAmountOut
DA:193,515
DA:194,515
DA:196,515
BRDA:196,26,0,257
DA:197,257
DA:200,258
BRDA:200,27,0,257
DA:201,257
DA:204,1
DA:207,10201
FN:207,GoldAMM.getReserves
FNDA:10201,GoldAMM.getReserves
DA:208,10201
DA:209,10201
DA:212,4
FN:212,GoldAMM.pause
FNDA:4,GoldAMM.pause
DA:213,3
DA:216,1
FN:216,GoldAMM.unpause
FNDA:1,GoldAMM.unpause
DA:217,1
DA:220,10709
FN:220,GoldAMM._getAmountOut
FNDA:10709,GoldAMM._getAmountOut
DA:225,10709
BRDA:225,28,0,-
DA:226,10709
BRDA:226,29,0,-
DA:227,10709
DA:228,10709
DA:229,10709
DA:230,10709
FNF:10
FNH:10
LF:102
LH:98
BRF:32
BRH:15
end_of_record
TN:
SF:src/GoldCertificateNFT.sol
DA:33,0
FN:33,GoldCertificateNFT.constructor
FNDA:0,GoldCertificateNFT.constructor
DA:34,0
BRDA:34,0,0,-
DA:36,0
DA:37,0
DA:40,0
FN:40,GoldCertificateNFT.mint
FNDA:0,GoldCertificateNFT.mint
DA:47,0
BRDA:47,1,0,-
DA:48,0
BRDA:48,2,0,-
DA:50,0
DA:52,0
DA:58,0
DA:60,0
DA:63,0
FN:63,GoldCertificateNFT.burn
FNDA:0,GoldCertificateNFT.burn
DA:66,0
DA:68,0
DA:71,0
FN:71,GoldCertificateNFT.pause
FNDA:0,GoldCertificateNFT.pause
DA:72,0
DA:75,0
FN:75,GoldCertificateNFT.unpause
FNDA:0,GoldCertificateNFT.unpause
DA:76,0
DA:79,0
FN:79,GoldCertificateNFT._update
FNDA:0,GoldCertificateNFT._update
DA:84,0
DA:85,0
DA:88,0
FN:88,GoldCertificateNFT._increaseBalance
FNDA:0,GoldCertificateNFT._increaseBalance
DA:89,0
DA:92,0
FN:92,GoldCertificateNFT.supportsInterface
FNDA:0,GoldCertificateNFT.supportsInterface
DA:98,0
FNF:8
FNH:0
LF:25
LH:0
BRF:3
BRH:0
end_of_record
TN:
SF:src/GoldPriceOracle.sol
DA:21,21
FN:21,GoldPriceOracle.constructor
FNDA:21,GoldPriceOracle.constructor
DA:22,20
BRDA:22,0,0,1
DA:23,19
BRDA:23,1,0,1
DA:25,18
DA:26,18
DA:29,3
FN:29,GoldPriceOracle.setPriceFeed
FNDA:3,GoldPriceOracle.setPriceFeed
DA:30,2
BRDA:30,2,0,1
DA:32,1
DA:33,1
DA:35,1
DA:38,3
FN:38,GoldPriceOracle.setStalePeriod
FNDA:3,GoldPriceOracle.setStalePeriod
DA:39,2
BRDA:39,3,0,1
DA:41,1
DA:42,1
DA:44,1
DA:47,7
FN:47,GoldPriceOracle.getLatestPrice
FNDA:7,GoldPriceOracle.getLatestPrice
DA:48,7
DA:54,7
DA:56,7
BRDA:56,4,0,2
DA:57,5
BRDA:57,5,0,1
DA:58,4
BRDA:58,6,0,1
DA:59,3
BRDA:59,7,0,1
DA:61,2
DA:64,2
FN:64,GoldPriceOracle.getPriceFeed
FNDA:2,GoldPriceOracle.getPriceFeed
DA:65,2
DA:68,1
FN:68,GoldPriceOracle.getDecimals
FNDA:1,GoldPriceOracle.getDecimals
DA:69,1
DA:72,1
FN:72,GoldPriceOracle.getDescription
FNDA:1,GoldPriceOracle.getDescription
DA:73,1
FNF:7
FNH:7
LF:29
LH:29
BRF:8
BRH:8
end_of_record
TN:
SF:src/GoldToken.sol
DA:18,136
FN:18,GoldToken.constructor
FNDA:136,GoldToken.constructor
DA:19,136
BRDA:19,0,0,1
DA:20,135
DA:21,135
DA:24,194
FN:24,GoldToken.mint
FNDA:194,GoldToken.mint
DA:25,193
BRDA:25,1,0,1
DA:26,192
BRDA:26,2,0,1
DA:27,191
DA:28,190
DA:31,4
FN:31,GoldToken.burn
FNDA:4,GoldToken.burn
DA:32,3
BRDA:32,3,0,1
DA:33,2
BRDA:33,4,0,1
DA:34,1
DA:35,1
DA:38,4
FN:38,GoldToken.pause
FNDA:4,GoldToken.pause
DA:39,3
DA:42,1
FN:42,GoldToken.unpause
FNDA:1,GoldToken.unpause
DA:43,1
DA:46,32417
FN:46,GoldToken._update
FNDA:32417,GoldToken._update
DA:47,32415
FNF:6
FNH:6
LF:20
LH:20
BRF:5
BRH:5
end_of_record
TN:
SF:src/GoldVaultV1.sol
DA:44,0
FN:44,GoldVaultV1.constructor
FNDA:0,GoldVaultV1.constructor
DA:45,0
DA:48,0
FN:48,GoldVaultV1.initialize
FNDA:0,GoldVaultV1.initialize
DA:49,0
BRDA:49,0,0,-
DA:51,0
DA:52,0
DA:53,0
DA:54,0
DA:55,0
DA:56,0
DA:58,0
DA:59,0
DA:60,0
DA:62,0
DA:65,0
FN:65,GoldVaultV1.deposit
FNDA:0,GoldVaultV1.deposit
DA:73,0
DA:76,0
FN:76,GoldVaultV1.mint
FNDA:0,GoldVaultV1.mint
DA:84,0
DA:87,0
FN:87,GoldVaultV1.withdraw
FNDA:0,GoldVaultV1.withdraw
DA:95,0
DA:98,0
FN:98,GoldVaultV1.redeem
FNDA:0,GoldVaultV1.redeem
DA:106,0
DA:109,0
FN:109,GoldVaultV1.pause
FNDA:0,GoldVaultV1.pause
DA:110,0
DA:113,0
FN:113,GoldVaultV1.unpause
FNDA:0,GoldVaultV1.unpause
DA:114,0
DA:117,0
FN:117,GoldVaultV1.version
FNDA:0,GoldVaultV1.version
DA:118,0
DA:121,0
FN:121,GoldVaultV1._update
FNDA:0,GoldVaultV1._update
DA:126,0
DA:127,0
DA:130,0
FN:130,GoldVaultV1._authorizeUpgrade
FNDA:0,GoldVaultV1._authorizeUpgrade
FNF:11
FNH:0
LF:32
LH:0
BRF:1
BRH:0
end_of_record
TN:
SF:src/GoldVaultV2.sol
DA:22,0
FN:22,GoldVaultV2.initializeV2
FNDA:0,GoldVaultV2.initializeV2
DA:26,0
BRDA:26,0,0,-
DA:27,0
DA:28,0
DA:29,0
DA:32,0
FN:32,GoldVaultV2.setVaultDepositCap
FNDA:0,GoldVaultV2.setVaultDepositCap
DA:33,0
DA:34,0
DA:37,0
FN:37,GoldVaultV2.setPerUserDepositCap
FNDA:0,GoldVaultV2.setPerUserDepositCap
DA:38,0
DA:39,0
DA:42,0
FN:42,GoldVaultV2.maxDeposit
FNDA:0,GoldVaultV2.maxDeposit
DA:43,0
DA:44,0
DA:46,0
DA:50,0
DA:54,0
DA:55,0
DA:56,0
DA:59,0
FN:59,GoldVaultV2.maxMint
FNDA:0,GoldVaultV2.maxMint
DA:60,0
DA:61,0
DA:64,0
FN:64,GoldVaultV2._deposit
FNDA:0,GoldVaultV2._deposit
DA:68,0
DA:69,0
DA:71,0
BRDA:71,1,0,-
DA:72,0
BRDA:72,2,0,-
DA:73,0
DA:76,0
DA:77,0
DA:80,0
FN:80,GoldVaultV2._withdraw
FNDA:0,GoldVaultV2._withdraw
DA:87,0
DA:88,0
DA:89,0
DA:92,0
FN:92,GoldVaultV2.version
FNDA:0,GoldVaultV2.version
DA:93,0
FNF:8
FNH:0
LF:36
LH:0
BRF:3
BRH:0
end_of_record
TN:
SF:src/GovernanceToken.sol
DA:20,25
FN:20,GovernanceToken.constructor
FNDA:25,GovernanceToken.constructor
DA:24,25
BRDA:24,0,0,1
DA:25,24
DA:26,24
DA:29,777
FN:29,GovernanceToken.mint
FNDA:777,GovernanceToken.mint
DA:30,776
BRDA:30,1,0,1
DA:31,775
BRDA:31,2,0,1
DA:32,774
DA:33,773
DA:36,4
FN:36,GovernanceToken.pause
FNDA:4,GovernanceToken.pause
DA:37,3
DA:40,1
FN:40,GovernanceToken.unpause
FNDA:1,GovernanceToken.unpause
DA:41,1
DA:44,1032
FN:44,GovernanceToken._update
FNDA:1032,GovernanceToken._update
DA:49,1030
DA:52,1
FN:52,GovernanceToken.nonces
FNDA:1,GovernanceToken.nonces
DA:53,1
FNF:6
FNH:6
LF:17
LH:17
BRF:3
BRH:3
end_of_record
TN:
SF:src/VaultFactory.sol
DA:29,0
FN:29,VaultFactory.constructor
FNDA:0,VaultFactory.constructor
DA:30,0
BRDA:30,0,0,-
DA:31,0
DA:32,0
DA:37,0
FN:37,VaultFactory.deployGoldToken
FNDA:0,VaultFactory.deployGoldToken
DA:42,0
BRDA:42,1,0,-
DA:43,0
DA:44,0
DA:45,0
DA:48,0
FN:48,VaultFactory.deployGoldTokenDeterministic
FNDA:0,VaultFactory.deployGoldTokenDeterministic
DA:53,0
BRDA:53,2,0,-
DA:54,0
DA:55,0
DA:56,0
DA:61,0
FN:61,VaultFactory.deployGovernanceToken
FNDA:0,VaultFactory.deployGovernanceToken
DA:66,0
BRDA:66,3,0,-
DA:67,0
DA:68,0
DA:69,0
DA:72,0
FN:72,VaultFactory.deployGovernanceTokenDeterministic
FNDA:0,VaultFactory.deployGovernanceTokenDeterministic
DA:77,0
BRDA:77,4,0,-
DA:78,0
DA:79,0
DA:80,0
DA:85,0
FN:85,VaultFactory.deployVaultProxy
FNDA:0,VaultFactory.deployVaultProxy
DA:90,0
BRDA:90,5,0,-
DA:91,0
BRDA:91,6,0,-
DA:92,0
DA:93,0
DA:94,0
DA:95,0
DA:98,0
FN:98,VaultFactory.deployVaultProxyDeterministic
FNDA:0,VaultFactory.deployVaultProxyDeterministic
DA:104,0
BRDA:104,7,0,-
DA:105,0
BRDA:105,8,0,-
DA:106,0
DA:107,0
DA:108,0
DA:109,0
DA:114,0
FN:114,VaultFactory.deployNFT
FNDA:0,VaultFactory.deployNFT
DA:115,0
BRDA:115,9,0,-
DA:116,0
DA:117,0
DA:118,0
DA:121,0
FN:121,VaultFactory.deployNFTDeterministic
FNDA:0,VaultFactory.deployNFTDeterministic
DA:126,0
BRDA:126,10,0,-
DA:127,0
DA:128,0
DA:129,0
DA:134,0
FN:134,VaultFactory.deployAMM
FNDA:0,VaultFactory.deployAMM
DA:139,0
BRDA:139,11,0,-
DA:140,0
DA:142,0
DA:143,0
DA:144,0
DA:149,0
FN:149,VaultFactory.predictGoldTokenAddress
FNDA:0,VaultFactory.predictGoldTokenAddress
DA:150,0
DA:158,0
DA:161,0
FN:161,VaultFactory.predictVaultProxyAddress
FNDA:0,VaultFactory.predictVaultProxyAddress
DA:167,0
DA:168,0
DA:180,0
DA:183,0
FN:183,VaultFactory.predictNFTAddress
FNDA:0,VaultFactory.predictNFTAddress
DA:184,0
DA:194,0
DA:199,0
FN:199,VaultFactory.deployedTokensCount
FNDA:0,VaultFactory.deployedTokensCount
DA:200,0
DA:203,0
FN:203,VaultFactory.deployedVaultsCount
FNDA:0,VaultFactory.deployedVaultsCount
DA:204,0
DA:207,0
FN:207,VaultFactory.deployedNFTsCount
FNDA:0,VaultFactory.deployedNFTsCount
DA:208,0
DA:211,0
FN:211,VaultFactory.deployedAMMsCount
FNDA:0,VaultFactory.deployedAMMsCount
DA:212,0
FNF:17
FNH:0
LF:72
LH:0
BRF:12
BRH:0
end_of_record
TN:
SF:src/security-case-studies/AccessControlFixedToken.sol
DA:12,3
FN:12,AccessControlFixedToken.constructor
FNDA:3,AccessControlFixedToken.constructor
DA:13,3
BRDA:13,0,0,-
DA:15,3
DA:16,3
DA:19,2
FN:19,AccessControlFixedToken.mint
FNDA:2,AccessControlFixedToken.mint
DA:20,1
FNF:2
FNH:2
LF:6
LH:6
BRF:1
BRH:0
end_of_record
TN:
SF:src/security-case-studies/AccessControlVulnerableToken.sol
DA:9,1
FN:9,AccessControlVulnerableToken.mint
FNDA:1,AccessControlVulnerableToken.mint
DA:10,1
FNF:1
FNH:1
LF:2
LH:2
BRF:0
BRH:0
end_of_record
TN:
SF:src/security-case-studies/ReentrancyFixedVault.sol
DA:13,2
FN:13,ReentrancyFixedVault.deposit
FNDA:2,ReentrancyFixedVault.deposit
DA:14,2
BRDA:14,0,0,-
DA:16,2
DA:19,2
FN:19,ReentrancyFixedVault.withdraw
FNDA:2,ReentrancyFixedVault.withdraw
DA:20,1
DA:22,1
BRDA:22,1,0,-
DA:24,1
DA:26,1
DA:27,1
BRDA:27,2,0,1
DA:30,0
FN:30,ReentrancyFixedVault.totalVaultBalance
FNDA:0,ReentrancyFixedVault.totalVaultBalance
DA:31,0
FNF:3
FNH:2
LF:11
LH:9
BRF:3
BRH:1
end_of_record
TN:
SF:src/security-case-studies/ReentrancyVulnerableVault.sol
DA:11,2
FN:11,ReentrancyVulnerableVault.deposit
FNDA:2,ReentrancyVulnerableVault.deposit
DA:12,2
BRDA:12,0,0,-
DA:14,2
DA:17,6
FN:17,ReentrancyVulnerableVault.withdraw
FNDA:6,ReentrancyVulnerableVault.withdraw
DA:18,6
DA:20,6
BRDA:20,1,0,-
DA:22,6
DA:23,6
BRDA:23,2,0,-
DA:25,6
DA:28,0
FN:28,ReentrancyVulnerableVault.totalVaultBalance
FNDA:0,ReentrancyVulnerableVault.totalVaultBalance
DA:29,0
FNF:3
FNH:2
LF:11
LH:9
BRF:3
BRH:0
end_of_record
TN:
SF:test/InvariantTests.t.sol
DA:17,5
FN:17,VaultHandler.constructor.0
FNDA:5,VaultHandler.constructor.0
DA:18,5
DA:19,5
DA:20,5
DA:23,4925
FN:23,VaultHandler.deposit
FNDA:4925,VaultHandler.deposit
DA:24,4925
DA:25,4925
BRDA:25,0,0,75
DA:27,4850
DA:29,4850
DA:30,4850
DA:33,4670
FN:33,VaultHandler.withdraw
FNDA:4670,VaultHandler.withdraw
DA:34,4670
DA:35,4670
BRDA:35,1,0,1305
DA:37,3365
DA:39,3365
DA:40,3365
DA:53,5
FN:53,AMMSwapHandler.constructor.1
FNDA:5,AMMSwapHandler.constructor.1
DA:54,5
DA:55,5
DA:56,5
DA:57,5
DA:59,5
DA:60,5
DA:63,4995
FN:63,AMMSwapHandler.swapToken0ForToken1
FNDA:4995,AMMSwapHandler.swapToken0ForToken1
DA:64,4995
DA:65,4995
DA:67,4995
BRDA:67,2,0,-
DA:69,4995
DA:70,4995
DA:72,4995
DA:73,4995
DA:76,4685
FN:76,AMMSwapHandler.swapToken1ForToken0
FNDA:4685,AMMSwapHandler.swapToken1ForToken0
DA:77,4685
DA:78,4685
DA:80,4685
BRDA:80,3,0,-
DA:82,4685
DA:83,4685
DA:85,4685
DA:86,4685
FNF:6
FNH:6
LF:39
LH:39
BRF:4
BRH:2
end_of_record
TN:
SF:test/mocks/MockV3Aggregator.sol
DA:16,20
FN:16,MockV3Aggregator.constructor
FNDA:20,MockV3Aggregator.constructor
DA:17,20
DA:18,20
DA:20,20
DA:21,20
DA:22,20
DA:23,20
DA:24,20
DA:27,1
FN:27,MockV3Aggregator.decimals
FNDA:1,MockV3Aggregator.decimals
DA:28,1
DA:31,1
FN:31,MockV3Aggregator.description
FNDA:1,MockV3Aggregator.description
DA:32,1
DA:35,0
FN:35,MockV3Aggregator.version
FNDA:0,MockV3Aggregator.version
DA:36,0
DA:39,0
FN:39,MockV3Aggregator.getRoundData
FNDA:0,MockV3Aggregator.getRoundData
DA:52,0
BRDA:52,0,0,-
BRDA:52,0,1,-
DA:54,0
DA:63,7
FN:63,MockV3Aggregator.latestRoundData
FNDA:7,MockV3Aggregator.latestRoundData
DA:75,7
DA:84,2
FN:84,MockV3Aggregator.updateAnswer
FNDA:2,MockV3Aggregator.updateAnswer
DA:85,2
DA:86,2
DA:87,2
DA:88,2
DA:89,2
DA:92,3
FN:92,MockV3Aggregator.setRoundData
FNDA:3,MockV3Aggregator.setRoundData
DA:99,3
DA:100,3
DA:101,3
DA:102,3
DA:103,3
FNF:8
FNH:6
LF:31
LH:26
BRF:2
BRH:0
end_of_record
TN:
SF:test/security-case-studies/ReentrancyCaseStudy.t.sol
DA:20,2
FN:20,ReentrancyAttacker.constructor
FNDA:2,ReentrancyAttacker.constructor
DA:21,2
DA:24,2
FN:24,ReentrancyAttacker.attack
FNDA:2,ReentrancyAttacker.attack
DA:25,2
DA:26,2
DA:29,7
FN:29,ReentrancyAttacker.receive
FNDA:7,ReentrancyAttacker.receive
DA:30,7
BRDA:30,0,0,6
DA:31,6
FNF:3
FNH:3
LF:8
LH:8
BRF:1
BRH:1
end_of_record
